{
  "0 debug pnpm:scope": {
    "selected": 1
  },
  "1 error pnpm": {
    "errno": 1,
    "code": "ELIFECYCLE",
    "pkgid": "1.0v@1.0.0",
    "stage": "start",
    "script": "node app.js",
    "pkgname": "1.0v",
    "err": {
      "name": "pnpm",
      "message": "1.0v@1.0.0 start: `node app.js`\nExit status 1",
      "code": "ELIFECYCLE",
      "stack": "pnpm: 1.0v@1.0.0 start: `node app.js`\nExit status 1\n    at EventEmitter.<anonymous> (/usr/pnpm-global/5/node_modules/.pnpm/pnpm@7.0.0/node_modules/pnpm/dist/pnpm.cjs:106732:20)\n    at EventEmitter.emit (node:events:527:28)\n    at ChildProcess.<anonymous> (/usr/pnpm-global/5/node_modules/.pnpm/pnpm@7.0.0/node_modules/pnpm/dist/pnpm.cjs:93301:18)\n    at ChildProcess.emit (node:events:527:28)\n    at maybeClose (node:internal/child_process:1090:16)\n    at ChildProcess._handle.onexit (node:internal/child_process:302:5)"
    }
  },
  "2 warn pnpm:global": " Local package.json exists, but node_modules missing, did you mean to install?"
}